<?xml version="1.0" encoding="UTF-8"?>
<!-- Generated by org.testng.reporters.JUnitXMLReporter -->
<testsuite hostname="BDC4-L-8Y4DZM2" ignored="0" name="Test3" tests="3" failures="0" timestamp="01 Apr 2019 12:44:57 GMT" time="18.313" errors="0">
  <testcase name="testDemoWebShop" time="3.843" classname="com.test.NewTest11"/>
  <testcase name="testDemoWebShop" time="4.073" classname="com.test.NewTest11"/>
  <testcase name="testDemoWebShop" time="2.865" classname="com.test.NewTest11"/>
</testsuite> <!-- Test3 -->
