<?xml version="1.0" encoding="UTF-8"?>
<!-- Generated by org.testng.reporters.JUnitXMLReporter -->
<testsuite hostname="BDC4-L-8Y4DZM2" ignored="1" name="Test1" tests="2" failures="0" timestamp="01 Apr 2019 05:20:17 GMT" time="0.036" errors="0">
  <testcase name="test1" time="0.0" classname="com.test.NewTest9"/>
  <testcase name="test3" time="0.0" classname="com.test.NewTest10"/>
  <testcase name="test2" time="0.0" classname="com.test.NewTest9">
    <ignored/>
  </testcase> <!-- test2 -->
</testsuite> <!-- Test1 -->
