<?xml version="1.0" encoding="UTF-8"?>
<!-- Generated by org.testng.reporters.JUnitXMLReporter -->
<testsuite hostname="BDC4-L-8Y4DZM2" ignored="0" name="Test4" tests="3" failures="0" timestamp="01 Apr 2019 12:45:09 GMT" time="30.779" errors="0">
  <testcase name="testDemoWebShop" time="7.014" classname="com.test.NewTest11"/>
  <testcase name="testDemoWebShop" time="9.177" classname="com.test.NewTest11"/>
  <testcase name="testDemoWebShop" time="9.06" classname="com.test.NewTest11"/>
</testsuite> <!-- Test4 -->
