<?xml version="1.0" encoding="UTF-8"?>
<testng-results skipped="0" failed="0" ignored="0" total="3" passed="3">
  <reporter-output>
  </reporter-output>
  <suite name="Default suite" duration-ms="17479" started-at="2019-04-02T05:20:32Z" finished-at="2019-04-02T05:20:50Z">
    <groups>
    </groups>
    <test name="Default test" duration-ms="17479" started-at="2019-04-02T05:20:32Z" finished-at="2019-04-02T05:20:50Z">
      <class name="com.test.NewTest14">
        <test-method status="PASS" signature="beforeTest()[pri:0, instance:com.test.NewTest14@5c3bd550]" name="beforeTest" is-config="true" duration-ms="8175" started-at="2019-04-02T05:20:32Z" finished-at="2019-04-02T05:20:40Z">
          <reporter-output>
          </reporter-output>
        </test-method> <!-- beforeTest -->
        <test-method status="PASS" signature="testHomePage()[pri:1, instance:com.test.NewTest14@5c3bd550]" name="testHomePage" duration-ms="665" started-at="2019-04-02T05:20:40Z" finished-at="2019-04-02T05:20:41Z">
          <reporter-output>
          </reporter-output>
        </test-method> <!-- testHomePage -->
        <test-method status="PASS" signature="testRegistration()[pri:2, instance:com.test.NewTest14@5c3bd550]" name="testRegistration" duration-ms="3637" started-at="2019-04-02T05:20:41Z" finished-at="2019-04-02T05:20:45Z">
          <reporter-output>
          </reporter-output>
        </test-method> <!-- testRegistration -->
        <test-method status="PASS" signature="testLogin()[pri:0, instance:com.test.NewTest14@5c3bd550]" name="testLogin" duration-ms="4781" started-at="2019-04-02T05:20:45Z" depends-on-methods="com.test.NewTest14.testRegistration" finished-at="2019-04-02T05:20:49Z">
          <reporter-output>
          </reporter-output>
        </test-method> <!-- testLogin -->
        <test-method status="PASS" signature="afterTest()[pri:0, instance:com.test.NewTest14@5c3bd550]" name="afterTest" is-config="true" duration-ms="170" started-at="2019-04-02T05:20:49Z" finished-at="2019-04-02T05:20:50Z">
          <reporter-output>
          </reporter-output>
        </test-method> <!-- afterTest -->
      </class> <!-- com.test.NewTest14 -->
    </test> <!-- Default test -->
  </suite> <!-- Default suite -->
</testng-results>
